Determining if the pthread_create exist failed with the following output:
Change Dir: /home/can/catkin_ws/build/mavros/CMakeFiles/CMakeTmp

Run Build Command:"/usr/bin/make" "cmTC_6240a/fast"
/usr/bin/make -f CMakeFiles/cmTC_6240a.dir/build.make CMakeFiles/cmTC_6240a.dir/build
make[1]: Entering directory '/home/can/catkin_ws/build/mavros/CMakeFiles/CMakeTmp'
Building C object CMakeFiles/cmTC_6240a.dir/CheckSymbolExists.c.o
/usr/bin/cc    -o CMakeFiles/cmTC_6240a.dir/CheckSymbolExists.c.o   -c /home/can/catkin_ws/build/mavros/CMakeFiles/CMakeTmp/CheckSymbolExists.c
Linking C executable cmTC_6240a
/usr/bin/cmake -E cmake_link_script CMakeFiles/cmTC_6240a.dir/link.txt --verbose=1
/usr/bin/cc      -rdynamic CMakeFiles/cmTC_6240a.dir/CheckSymbolExists.c.o  -o cmTC_6240a 
CMakeFiles/cmTC_6240a.dir/CheckSymbolExists.c.o: In function `main':
CheckSymbolExists.c:(.text+0x1b): undefined reference to `pthread_create'
collect2: error: ld returned 1 exit status
CMakeFiles/cmTC_6240a.dir/build.make:97: recipe for target 'cmTC_6240a' failed
make[1]: *** [cmTC_6240a] Error 1
make[1]: Leaving directory '/home/can/catkin_ws/build/mavros/CMakeFiles/CMakeTmp'
Makefile:126: recipe for target 'cmTC_6240a/fast' failed
make: *** [cmTC_6240a/fast] Error 2

File /home/can/catkin_ws/build/mavros/CMakeFiles/CMakeTmp/CheckSymbolExists.c:
/* */
#include <pthread.h>

int main(int argc, char** argv)
{
  (void)argv;
#ifndef pthread_create
  return ((int*)(&pthread_create))[argc];
#else
  (void)argc;
  return 0;
#endif
}

Determining if the function pthread_create exists in the pthreads failed with the following output:
Change Dir: /home/can/catkin_ws/build/mavros/CMakeFiles/CMakeTmp

Run Build Command:"/usr/bin/make" "cmTC_f06a5/fast"
/usr/bin/make -f CMakeFiles/cmTC_f06a5.dir/build.make CMakeFiles/cmTC_f06a5.dir/build
make[1]: Entering directory '/home/can/catkin_ws/build/mavros/CMakeFiles/CMakeTmp'
Building C object CMakeFiles/cmTC_f06a5.dir/CheckFunctionExists.c.o
/usr/bin/cc   -DCHECK_FUNCTION_EXISTS=pthread_create   -o CMakeFiles/cmTC_f06a5.dir/CheckFunctionExists.c.o   -c /usr/share/cmake-3.10/Modules/CheckFunctionExists.c
Linking C executable cmTC_f06a5
/usr/bin/cmake -E cmake_link_script CMakeFiles/cmTC_f06a5.dir/link.txt --verbose=1
/usr/bin/cc  -DCHECK_FUNCTION_EXISTS=pthread_create    -rdynamic CMakeFiles/cmTC_f06a5.dir/CheckFunctionExists.c.o  -o cmTC_f06a5 -lpthreads 
/usr/bin/ld: cannot find -lpthreads
collect2: error: ld returned 1 exit status
CMakeFiles/cmTC_f06a5.dir/build.make:97: recipe for target 'cmTC_f06a5' failed
make[1]: *** [cmTC_f06a5] Error 1
make[1]: Leaving directory '/home/can/catkin_ws/build/mavros/CMakeFiles/CMakeTmp'
Makefile:126: recipe for target 'cmTC_f06a5/fast' failed
make: *** [cmTC_f06a5/fast] Error 2


